<?xml version="1.0" encoding="UTF-8"?>
<!-- Generated by org.testng.reporters.JUnitReportReporter -->
<testsuite hostname="DESKTOP-8A44VM7" failures="0" tests="1" name="com.crudWithBDD.GetProjectTest" time="1.936" errors="0" timestamp="2022-09-08T12:46:36 IST" skipped="0">
  <testcase classname="com.crudWithBDD.GetProjectTest" name="getProjectWithBDDTest" time="1.936"/>
  <system-out/>
</testsuite> <!-- com.crudWithBDD.GetProjectTest -->
