<?xml version="1.0" encoding="UTF-8"?>
<!-- Generated by org.testng.reporters.JUnitReportReporter -->
<testsuite hostname="DESKTOP-8A44VM7" failures="0" tests="1" name="com.EndToEndCreateAndUpdateProject.EndToEndCreateAndUpdateProject" time="21.522" errors="0" timestamp="2022-09-08T13:01:20 IST" skipped="0">
  <testcase classname="com.EndToEndCreateAndUpdateProject.EndToEndCreateAndUpdateProject" name="createVerifyUpdateVerifyGUIandDBTest" time="21.522"/>
  <system-out>
    <![CDATA[<====Project is present in GUI====>
Total no of projects checked = 14
<====Project is present in GUI====>
Total no of projects checked = 14
Database verification starts]]>
  </system-out>
</testsuite> <!-- com.EndToEndCreateAndUpdateProject.EndToEndCreateAndUpdateProject -->
