<?xml version="1.0" encoding="UTF-8"?>
<!-- Generated by org.testng.reporters.JUnitReportReporter -->
<testsuite hostname="DESKTOP-8A44VM7" failures="0" tests="1" name="com.authenticationAndAuthorization.BasicAuthTest" time="2.494" errors="0" timestamp="2022-09-08T12:03:58 IST" skipped="0">
  <testcase classname="com.authenticationAndAuthorization.BasicAuthTest" name="basicAuthTest" time="2.494"/>
  <system-out/>
</testsuite> <!-- com.authenticationAndAuthorization.BasicAuthTest -->
