<?xml version="1.0" encoding="UTF-8"?>
<!-- Generated by org.testng.reporters.JUnitReportReporter -->
<testsuite hostname="DESKTOP-8A44VM7" failures="0" tests="1" name="com.authenticationAndAuthorization.BearerToken" time="6.666" errors="0" timestamp="2022-09-08T12:04:33 IST" skipped="0">
  <testcase classname="com.authenticationAndAuthorization.BearerToken" name="bearerTokenTest" time="6.666"/>
  <system-out/>
</testsuite> <!-- com.authenticationAndAuthorization.BearerToken -->
