<?xml version="1.0" encoding="UTF-8"?>
<!-- Generated by org.testng.reporters.JUnitReportReporter -->
<testsuite hostname="DESKTOP-8A44VM7" failures="0" tests="1" name="com.BaseCRUDOperations.ModifyProject" time="4.887" errors="0" timestamp="2022-09-07T15:08:15 IST" skipped="0">
  <testcase classname="com.BaseCRUDOperations.ModifyProject" name="modifyProject" time="4.887"/>
  <system-out/>
</testsuite> <!-- com.BaseCRUDOperations.ModifyProject -->
