<?xml version="1.0" encoding="UTF-8"?>
<!-- Generated by org.testng.reporters.JUnitReportReporter -->
<testsuite hostname="DESKTOP-8A44VM7" failures="0" tests="1" name="com.authenticationAndAuthorization.BasicDigestiveAuth" time="2.013" errors="0" timestamp="2022-09-08T14:16:29 IST" skipped="0">
  <testcase classname="com.authenticationAndAuthorization.BasicDigestiveAuth" name="basicDigestiveAuth" time="2.013"/>
  <system-out/>
</testsuite> <!-- com.authenticationAndAuthorization.BasicDigestiveAuth -->
