<?xml version="1.0" encoding="UTF-8"?>
<!-- Generated by org.testng.reporters.JUnitReportReporter -->
<testsuite hostname="DESKTOP-8A44VM7" failures="0" tests="1" name="EndToEndCreateAndUpdateProject" time="38.509" errors="0" timestamp="2022-09-08T12:14:21 IST" skipped="0">
  <testcase classname="EndToEndCreateAndUpdateProject" name="createVerifyUpdateVerifyGUIandDBTest" time="38.509"/>
  <system-out>
    <![CDATA[<====Project is present in GUI====>
Total no of projects checked = 4]]>
  </system-out>
</testsuite> <!-- EndToEndCreateAndUpdateProject -->
