<?xml version="1.0" encoding="UTF-8"?>
<!-- Generated by org.testng.reporters.JUnitReportReporter -->
<testsuite hostname="DESKTOP-8A44VM7" failures="0" tests="1" name="com.APIFramework.APIFrameworkTest" time="18.010" errors="0" timestamp="2022-09-08T10:59:15 IST" skipped="0">
  <testcase classname="com.APIFramework.APIFrameworkTest" name="frameworkTest" time="18.010"/>
  <system-out>
    <![CDATA[<====Project is present in GUI====>
Total no of projects checked = 3
Database verification starts
Data deleted from API
<====Project is not present in GUI====>
Total no of projects checked = 2
Database verification starts]]>
  </system-out>
</testsuite> <!-- com.APIFramework.APIFrameworkTest -->
