<?xml version="1.0" encoding="UTF-8"?>
<!-- Generated by org.testng.reporters.JUnitReportReporter -->
<testsuite hostname="DESKTOP-8A44VM7" failures="0" tests="1" name="com.BaseCRUDOperations.CreateProjectTest" time="2.246" errors="0" timestamp="2022-09-07T15:07:24 IST" skipped="0">
  <testcase classname="com.BaseCRUDOperations.CreateProjectTest" name="createProject" time="2.246"/>
  <system-out/>
</testsuite> <!-- com.BaseCRUDOperations.CreateProjectTest -->
