<?xml version="1.0" encoding="UTF-8"?>
<!-- Generated by org.testng.reporters.JUnitReportReporter -->
<testsuite hostname="DESKTOP-8A44VM7" failures="0" tests="1" name="com.authenticationAndAuthorization.Oauth2Test" time="4.736" errors="0" timestamp="2022-09-08T13:39:09 IST" skipped="0">
  <testcase classname="com.authenticationAndAuthorization.Oauth2Test" name="oauth2Test" time="4.736"/>
  <system-out/>
</testsuite> <!-- com.authenticationAndAuthorization.Oauth2Test -->
